<?xml version="1.0" encoding="UTF-8"?>
<testng-results ignored="0" total="2" passed="2" failed="0" skipped="0">
  <reporter-output>
  </reporter-output>
  <suite started-at="2023-02-01T10:50:23 CET" name="Default suite" finished-at="2023-02-01T10:50:34 CET" duration-ms="10768">
    <groups>
      <group name="cucumber">
        <method signature="AbstractTestNGCucumberTests.runScenario(io.cucumber.testng.PickleWrapper,io.cucumber.testng.FeatureWrapper)[pri:0, instance:Academy.Options.TestRunner@1ffaf86]" name="runScenario" class="io.cucumber.testng.AbstractTestNGCucumberTests"/>
      </group> <!-- cucumber -->
    </groups>
    <test started-at="2023-02-01T10:50:23 CET" name="Default test" finished-at="2023-02-01T10:50:34 CET" duration-ms="10768">
      <class name="Academy.Options.TestRunner">
        <test-method is-config="true" signature="setUpClass(org.testng.ITestContext)[pri:0, instance:Academy.Options.TestRunner@1ffaf86]" started-at="2023-02-01T10:50:23 CET" name="setUpClass" finished-at="2023-02-01T10:50:24 CET" duration-ms="678" status="PASS">
          <params>
            <param index="0">
              <value>
                <![CDATA[org.testng.TestRunner@42211e04]]>
              </value>
            </param>
          </params>
          <reporter-output>
          </reporter-output>
        </test-method> <!-- setUpClass -->
        <test-method signature="runScenario(io.cucumber.testng.PickleWrapper,io.cucumber.testng.FeatureWrapper)[pri:0, instance:Academy.Options.TestRunner@1ffaf86]" started-at="2023-02-01T10:50:24 CET" name="runScenario" description="Runs Cucumber Scenarios" data-provider="scenarios" finished-at="2023-02-01T10:50:31 CET" duration-ms="7696" status="PASS">
          <params>
            <param index="0">
              <value>
                <![CDATA["Verify the AddPlace functionality is working as expected"]]>
              </value>
            </param>
            <param index="1">
              <value>
                <![CDATA["Validating Place APIs"]]>
              </value>
            </param>
          </params>
          <reporter-output>
          </reporter-output>
        </test-method> <!-- runScenario -->
        <test-method signature="runScenario(io.cucumber.testng.PickleWrapper,io.cucumber.testng.FeatureWrapper)[pri:0, instance:Academy.Options.TestRunner@1ffaf86]" started-at="2023-02-01T10:50:31 CET" name="runScenario" description="Runs Cucumber Scenarios" data-provider="scenarios" finished-at="2023-02-01T10:50:33 CET" duration-ms="1728" status="PASS">
          <params>
            <param index="0">
              <value>
                <![CDATA["Verify the DeletePlace functionality is working as expected"]]>
              </value>
            </param>
            <param index="1">
              <value>
                <![CDATA["Validating Place APIs"]]>
              </value>
            </param>
          </params>
          <reporter-output>
          </reporter-output>
        </test-method> <!-- runScenario -->
        <test-method is-config="true" signature="tearDownClass()[pri:0, instance:Academy.Options.TestRunner@1ffaf86]" started-at="2023-02-01T10:50:33 CET" name="tearDownClass" finished-at="2023-02-01T10:50:34 CET" duration-ms="555" status="PASS">
          <reporter-output>
          </reporter-output>
        </test-method> <!-- tearDownClass -->
      </class> <!-- Academy.Options.TestRunner -->
    </test> <!-- Default test -->
  </suite> <!-- Default suite -->
</testng-results>
