<?xml version="1.0" encoding="UTF-8"?>
<testng-results ignored="0" total="2" passed="2" failed="0" skipped="0">
  <reporter-output>
  </reporter-output>
  <suite started-at="2023-02-01T12:35:18 CET" name="Surefire suite" finished-at="2023-02-01T12:35:28 CET" duration-ms="9612">
    <groups>
      <group name="cucumber">
        <method signature="AbstractTestNGCucumberTests.runScenario(io.cucumber.testng.PickleWrapper,io.cucumber.testng.FeatureWrapper)[pri:0, instance:Academy.Options.TestRunner@8317c52]" name="runScenario" class="io.cucumber.testng.AbstractTestNGCucumberTests"/>
      </group> <!-- cucumber -->
    </groups>
    <test started-at="2023-02-01T12:35:18 CET" name="Surefire test" finished-at="2023-02-01T12:35:28 CET" duration-ms="9612">
      <class name="Academy.Options.TestRunner">
        <test-method is-config="true" signature="setUpClass(org.testng.ITestContext)[pri:0, instance:Academy.Options.TestRunner@8317c52]" started-at="2023-02-01T12:35:18 CET" name="setUpClass" finished-at="2023-02-01T12:35:19 CET" duration-ms="638" status="PASS">
          <params>
            <param index="0">
              <value>
                <![CDATA[org.testng.TestRunner@5fde1d64]]>
              </value>
            </param>
          </params>
          <reporter-output>
          </reporter-output>
        </test-method> <!-- setUpClass -->
        <test-method signature="runScenario(io.cucumber.testng.PickleWrapper,io.cucumber.testng.FeatureWrapper)[pri:0, instance:Academy.Options.TestRunner@8317c52]" started-at="2023-02-01T12:35:19 CET" name="runScenario" description="Runs Cucumber Scenarios" data-provider="scenarios" finished-at="2023-02-01T12:35:26 CET" duration-ms="6828" status="PASS">
          <params>
            <param index="0">
              <value>
                <![CDATA["Verify the AddPlace functionality is working as expected"]]>
              </value>
            </param>
            <param index="1">
              <value>
                <![CDATA["Validating Place APIs"]]>
              </value>
            </param>
          </params>
          <reporter-output>
          </reporter-output>
        </test-method> <!-- runScenario -->
        <test-method signature="runScenario(io.cucumber.testng.PickleWrapper,io.cucumber.testng.FeatureWrapper)[pri:0, instance:Academy.Options.TestRunner@8317c52]" started-at="2023-02-01T12:35:26 CET" name="runScenario" description="Runs Cucumber Scenarios" data-provider="scenarios" finished-at="2023-02-01T12:35:27 CET" duration-ms="1377" status="PASS">
          <params>
            <param index="0">
              <value>
                <![CDATA["Verify the DeletePlace functionality is working as expected"]]>
              </value>
            </param>
            <param index="1">
              <value>
                <![CDATA["Validating Place APIs"]]>
              </value>
            </param>
          </params>
          <reporter-output>
          </reporter-output>
        </test-method> <!-- runScenario -->
        <test-method is-config="true" signature="tearDownClass()[pri:0, instance:Academy.Options.TestRunner@8317c52]" started-at="2023-02-01T12:35:27 CET" name="tearDownClass" finished-at="2023-02-01T12:35:28 CET" duration-ms="683" status="PASS">
          <reporter-output>
          </reporter-output>
        </test-method> <!-- tearDownClass -->
      </class> <!-- Academy.Options.TestRunner -->
    </test> <!-- Surefire test -->
  </suite> <!-- Surefire suite -->
</testng-results>
